\BOOKMARK [1][-]{section.0.1}{Introdu\347\343o}{}% 1
\BOOKMARK [0][-]{chapter.1}{Uma Primeira Aproxima\347\343o \340 Linguagem Bash}{}% 2
\BOOKMARK [1][-]{section.1.1}{Primeiros comandos bash}{chapter.1}% 3
\BOOKMARK [2][-]{subsection.1.1.1}{Criar um ficheiro - comando touch}{section.1.1}% 4
\BOOKMARK [2][-]{subsection.1.1.2}{Criar um diret\363rio - comando mkdir}{section.1.1}% 5
\BOOKMARK [2][-]{subsection.1.1.3}{Copiar um ficheiro ou diret\363rio - comando cp}{section.1.1}% 6
\BOOKMARK [2][-]{subsection.1.1.4}{Editar um ficheiro atrav\351s de um editor de texto}{section.1.1}% 7
\BOOKMARK [2][-]{subsection.1.1.5}{Mover um ficheiro ou diret\363rio - comando mv}{section.1.1}% 8
\BOOKMARK [2][-]{subsection.1.1.6}{Eliminar um ficheiro - comando rm}{section.1.1}% 9
\BOOKMARK [2][-]{subsection.1.1.7}{Eliminar um diret\363rio - comando rmdir}{section.1.1}% 10
\BOOKMARK [2][-]{subsection.1.1.8}{Ver o conte\372do de um ficheiro - comando cat}{section.1.1}% 11
\BOOKMARK [2][-]{subsection.1.1.9}{Listar o conte\372do de um diret\363rio - comando ls e tree}{section.1.1}% 12
\BOOKMARK [2][-]{subsection.1.1.10}{Ver informa\347\365es acerca de comandos - comando man}{section.1.1}% 13
\BOOKMARK [2][-]{subsection.1.1.11}{Identificar um comando por um prop\363sito - comando apropos}{section.1.1}% 14
\BOOKMARK [1][-]{section.1.2}{Sha-Bang, para n\343o haver d\372vidas}{chapter.1}% 15
\BOOKMARK [1][-]{section.1.3}{Introdu\347\343o \340 Bash Scripting}{chapter.1}% 16
\BOOKMARK [2][-]{subsection.1.3.1}{Cria\347\343o de ficheiros de scripting \(extens\343o sh\)}{section.1.3}% 17
\BOOKMARK [2][-]{subsection.1.3.2}{Portabilidade de scripts e Permiss\365es}{section.1.3}% 18
\BOOKMARK [0][-]{chapter.2}{Sess\365es em Consola \(Time-Sharing\) e Processos}{}% 19
\BOOKMARK [1][-]{section.2.1}{Enquadramento hist\363rico da consola UNIX}{chapter.2}% 20
\BOOKMARK [1][-]{section.2.2}{Manipula\347\343o de Processos e Envio de Sinais}{chapter.2}% 21
\BOOKMARK [2][-]{subsection.2.2.1}{Conceito de processo}{section.2.2}% 22
\BOOKMARK [2][-]{subsection.2.2.2}{Visualiza\347\343o de processos - comando ps}{section.2.2}% 23
\BOOKMARK [2][-]{subsection.2.2.3}{Hierarquia de processos}{section.2.2}% 24
\BOOKMARK [2][-]{subsection.2.2.4}{Conceito de sinal}{section.2.2}% 25
\BOOKMARK [2][-]{subsection.2.2.5}{Envio de sinais a identificadores de procesos - comando kill}{section.2.2}% 26
\BOOKMARK [2][-]{subsection.2.2.6}{Envio de sinais a processos nomeados - comando killall}{section.2.2}% 27
\BOOKMARK [2][-]{subsection.2.2.7}{Ciclo de vida dos processos em UNIX}{section.2.2}% 28
\BOOKMARK [2][-]{subsection.2.2.8}{Redirecionamento de sa\355da de processos para entrada de outros - pipe}{section.2.2}% 29
\BOOKMARK [2][-]{subsection.2.2.9}{Conceito de threads e sua manipula\347\343o}{section.2.2}% 30
\BOOKMARK [2][-]{subsection.2.2.10}{Interfaces de gest\343o de processos na m\341quina - comando htop}{section.2.2}% 31
\BOOKMARK [0][-]{chapter.3}{Manipula\347\343o de Dados e Informa\347\343o em Bash}{}% 32
\BOOKMARK [1][-]{section.3.1}{Filtragem de Informa\347\343o em streams de Dados}{chapter.3}% 33
\BOOKMARK [2][-]{subsection.3.1.1}{Utiliza\347\343o do pipe para filtragem de dados}{section.3.1}% 34
\BOOKMARK [2][-]{subsection.3.1.2}{Express\365es Regulares como filtro para dados - comando grep e egrep}{section.3.1}% 35
\BOOKMARK [2][-]{subsection.3.1.3}{Corte de dados para sele\347\343o de informa\347\343o a apresentar - comando cut}{section.3.1}% 36
\BOOKMARK [1][-]{section.3.2}{Manipula\347\343o direta de dados com indexa\347\343o direta}{chapter.3}% 37
\BOOKMARK [2][-]{subsection.3.2.1}{Utiliza\347\343o da ferramenta awk}{section.3.2}% 38
\BOOKMARK [2][-]{subsection.3.2.2}{Manipula\347\343o de conjuntos de dados com a ferramenta sed}{section.3.2}% 39
\BOOKMARK [0][-]{chapter.4}{Editar Ficheiros de Texto com vim}{}% 40
